1	N	48
1	J	48
0	J	48
1	R	48
2	N	49
2	J	49
1	W	49
2	R	49
3	N	63
3	J	64
2	E	68
1	J	68
1	R	68
4	N	68
4	J	69
1	W	69
3	R	69
3	W	75
4	R	75
5	N	107
5	J	107
4	W	108
5	R	108
4	J	109
5	E	110
4	R	110
4	W	115
0	R	115
4	J	808
4	R	808
4	W	808
0	R	808
4	J	849
4	R	849
4	W	849
0	R	849
4	J	898
4	R	898
4	W	898
0	R	898
4	J	929
4	R	929
4	W	929
0	R	929
4	J	1095
4	R	1096
4	W	1096
0	R	1096
4	J	1147
4	R	1147
4	W	1147
0	R	1147
4	J	1468
4	R	1468
4	W	1474
0	R	1474
4	J	1565
4	R	1565
4	W	1565
0	R	1565
4	J	1759
4	R	1759
6	N	1760
6	J	1760
4	W	1761
6	R	1761
7	N	1762
7	J	1763
8	N	1763
8	J	1763
9	N	1764
9	J	1764
10	N	1764
10	J	1765
11	N	1765
11	J	1765
12	N	1765
12	J	1766
13	N	1766
13	J	1767
14	N	1767
14	J	1767
15	N	1767
15	J	1768
16	N	1768
16	J	1769
6	W	1770
16	R	1770
16	J	1780
15	R	1780
15	J	1790
14	R	1790
14	J	1800
13	R	1800
13	J	1810
12	R	1810
12	J	1820
11	R	1820
11	J	1830
10	R	1830
10	J	1840
9	R	1840
9	J	1850
8	R	1850
8	J	1860
7	R	1860
7	W	1860
16	R	1860
16	J	1870
15	R	1870
15	J	1880
14	R	1880
14	J	1890
13	R	1890
13	J	1900
12	R	1900
12	J	1910
11	R	1910
11	J	1920
10	R	1920
10	J	1930
9	R	1930
9	J	1940
8	R	1940
8	J	1950
16	R	1950
16	J	1960
15	R	1960
7	J	1970
15	J	1970
7	R	1970
7	W	1970
14	R	1970
14	J	1980
13	R	1980
13	J	1990
12	R	1990
12	J	2000
11	R	2000
11	J	2010
10	R	2010
10	J	2020
9	R	2020
9	J	2030
8	R	2030
8	J	2040
16	R	2040
16	J	2050
15	R	2050
15	J	2060
14	R	2060
14	J	2070
13	R	2070
7	J	2080
13	J	2080
7	R	2080
7	W	2080
12	R	2080
12	J	2090
11	R	2090
11	J	2100
10	R	2100
10	J	2110
9	R	2110
9	J	2120
8	R	2120
8	J	2130
16	R	2130
16	J	2140
15	R	2140
15	J	2150
14	R	2150
14	J	2160
13	R	2160
13	J	2170
12	R	2170
12	J	2180
11	R	2180
7	J	2190
11	J	2190
7	R	2190
7	W	2190
10	R	2190
10	J	2200
9	R	2200
9	J	2210
8	R	2210
8	J	2220
16	R	2220
16	J	2230
15	R	2230
15	J	2240
14	R	2240
14	J	2250
13	R	2250
13	J	2260
12	R	2260
12	J	2270
11	R	2270
11	J	2280
10	R	2280
10	J	2290
9	R	2290
7	J	2300
9	J	2300
7	R	2300
7	W	2300
8	R	2300
8	J	2310
16	R	2310
16	J	2320
15	R	2320
15	J	2330
14	R	2330
14	J	2340
13	R	2340
13	J	2350
12	R	2350
12	J	2360
11	R	2360
11	J	2370
10	R	2370
10	J	2380
9	R	2380
9	J	2390
8	R	2390
8	J	2400
16	R	2400
7	J	2410
16	J	2410
7	R	2410
7	W	2410
15	R	2410
15	J	2420
14	R	2420
14	J	2430
13	R	2430
13	J	2440
12	R	2440
12	J	2450
11	R	2450
11	J	2460
10	R	2460
10	J	2470
9	R	2470
9	J	2480
8	R	2480
8	J	2490
16	R	2490
16	J	2500
15	R	2500
15	J	2510
14	R	2510
7	J	2520
14	J	2520
7	R	2520
7	W	2520
13	R	2520
13	J	2530
12	R	2530
12	J	2540
11	R	2540
11	J	2550
10	R	2550
10	J	2560
9	R	2560
9	J	2570
8	R	2570
8	J	2580
16	R	2580
16	J	2590
15	R	2590
15	J	2600
14	R	2600
14	J	2610
13	R	2610
13	J	2620
12	R	2620
7	J	2630
12	J	2630
7	R	2630
7	W	2630
11	R	2630
11	J	2640
10	R	2640
10	J	2650
9	R	2650
9	J	2660
8	R	2660
8	J	2670
16	R	2670
16	J	2680
15	R	2680
15	J	2690
14	R	2690
14	J	2700
13	R	2700
13	J	2710
12	R	2710
12	J	2720
11	R	2720
11	J	2730
10	R	2730
7	J	2740
10	J	2740
7	R	2740
7	W	2740
9	R	2740
9	J	2750
8	R	2750
8	W	2750
16	R	2750
16	J	2760
15	R	2760
15	J	2770
14	R	2770
14	J	2780
13	R	2780
13	J	2790
12	R	2790
12	J	2800
11	R	2800
11	J	2810
10	R	2810
10	J	2820
9	R	2820
9	J	2830
16	R	2830
16	J	2840
15	R	2840
7	J	2850
15	J	2850
7	R	2850
7	W	2850
14	R	2850
8	J	2860
14	J	2860
8	R	2860
8	W	2860
13	R	2860
13	J	2870
12	R	2870
12	J	2880
11	R	2880
11	J	2890
10	R	2890
10	J	2900
9	R	2900
9	J	2910
16	R	2910
16	J	2920
15	R	2920
15	J	2930
14	R	2930
14	J	2940
13	R	2940
13	J	2950
12	R	2950
7	J	2960
12	J	2960
7	R	2960
7	E	2960
6	J	2960
6	R	2960
6	E	2961
8	J	2961
4	J	2961
4	R	2961
17	N	2961
17	J	2962
4	W	2962
8	R	2962
8	W	2962
11	R	2962
11	J	2972
10	R	2972
10	J	2982
9	R	2982
9	J	2992
17	R	2992
4	J	2994
17	E	2994
4	R	2994
4	W	2995
16	R	2995
16	J	3005
15	R	3005
15	J	3015
14	R	3015
14	J	3025
13	R	3025
13	J	3035
12	R	3035
12	J	3045
11	R	3045
11	J	3055
10	R	3055
8	J	3065
10	J	3065
8	R	3065
8	W	3065
9	R	3065
3	J	3075
9	J	3075
3	R	3075
3	W	3075
16	R	3075
16	J	3085
15	R	3085
15	J	3095
14	R	3095
14	J	3105
13	R	3105
13	J	3115
12	R	3115
12	J	3125
11	R	3125
11	J	3135
10	R	3135
10	J	3145
9	R	3145
9	J	3155
16	R	3155
16	J	3165
15	R	3165
8	J	3175
15	J	3175
8	R	3175
8	W	3175
14	R	3175
14	J	3185
13	R	3185
13	J	3195
12	R	3195
12	J	3205
11	R	3205
11	J	3215
10	R	3215
10	J	3225
9	R	3225
9	J	3235
16	R	3235
16	J	3245
15	R	3245
15	J	3255
14	R	3255
14	J	3265
13	R	3265
13	J	3275
12	R	3275
8	J	3285
12	J	3285
8	R	3285
8	W	3285
11	R	3285
11	J	3295
10	R	3295
10	J	3305
9	R	3305
9	J	3315
16	R	3315
16	J	3325
15	R	3325
15	J	3335
14	R	3335
14	J	3345
13	R	3345
13	J	3355
12	R	3355
12	J	3365
11	R	3365
11	J	3375
10	R	3375
10	J	3385
9	R	3385
8	J	3395
9	J	3395
8	R	3395
8	W	3395
16	R	3395
16	J	3405
15	R	3405
15	J	3415
14	R	3415
14	J	3425
13	R	3425
13	J	3435
12	R	3435
12	J	3445
11	R	3445
11	J	3455
10	R	3455
10	J	3465
9	R	3465
9	J	3475
16	R	3475
16	J	3485
15	R	3485
15	J	3495
14	R	3495
8	J	3505
14	J	3505
8	R	3505
8	W	3505
13	R	3505
13	J	3515
12	R	3515
12	J	3525
11	R	3525
11	J	3535
10	R	3535
10	J	3545
9	R	3545
9	W	3545
16	R	3545
16	J	3555
15	R	3555
15	J	3565
14	R	3565
14	J	3575
13	R	3575
13	J	3585
12	R	3585
12	J	3595
11	R	3595
11	J	3605
10	R	3605
8	J	3615
10	J	3615
8	R	3615
8	W	3615
16	R	3615
16	J	3625
15	R	3625
15	J	3635
14	R	3635
14	J	3645
13	R	3645
9	J	3655
13	J	3655
9	R	3655
9	W	3655
12	R	3655
12	J	3665
11	R	3665
11	J	3675
10	R	3675
10	J	3685
16	R	3685
16	J	3695
15	R	3695
15	J	3705
14	R	3705
14	J	3715
13	R	3715
8	J	3725
13	J	3725
8	R	3725
8	E	3725
1	J	3725
1	R	3725
1	W	3725
12	R	3725
12	J	3735
11	R	3735
11	J	3745
10	R	3745
10	J	3755
16	R	3755
9	J	3765
16	J	3765
9	R	3765
9	W	3765
15	R	3765
15	J	3775
14	R	3775
14	J	3785
13	R	3785
13	J	3795
12	R	3795
12	J	3805
11	R	3805
11	J	3815
10	R	3815
10	J	3825
16	R	3825
16	J	3835
15	R	3835
15	J	3845
14	R	3845
14	J	3855
13	R	3855
13	J	3865
12	R	3865
9	J	3875
12	J	3875
9	R	3875
9	W	3875
11	R	3875
11	J	3885
10	R	3885
10	J	3895
16	R	3895
16	J	3905
15	R	3905
15	J	3915
14	R	3915
14	J	3925
13	R	3925
13	J	3935
12	R	3935
12	J	3945
11	R	3945
11	J	3955
10	R	3955
10	J	3965
16	R	3965
16	J	3975
15	R	3975
9	J	3985
15	J	3985
9	R	3985
9	W	3985
14	R	3985
14	J	3995
13	R	3995
13	J	4005
12	R	4005
12	J	4015
11	R	4015
11	J	4025
10	R	4025
10	J	4035
16	R	4035
16	J	4045
15	R	4045
4	J	4051
15	J	4055
4	R	4055
4	W	4055
14	R	4055
14	J	4065
13	R	4065
13	J	4075
12	R	4075
12	J	4085
11	R	4085
9	J	4095
11	J	4095
9	R	4095
9	W	4095
10	R	4095
10	J	4105
16	R	4105
16	J	4115
15	R	4115
15	J	4125
14	R	4125
4	J	4129
14	J	4135
4	R	4135
4	W	4135
13	R	4135
4	J	4142
13	J	4145
4	R	4145
4	W	4145
12	R	4145
12	J	4155
11	R	4155
11	J	4165
10	R	4165
10	J	4175
16	R	4175
16	J	4185
15	R	4185
15	J	4195
14	R	4195
4	J	4196
9	J	4205
14	J	4205
9	R	4205
9	W	4205
4	R	4205
4	W	4205
13	R	4205
13	J	4215
12	R	4215
12	J	4225
11	R	4225
11	J	4235
10	R	4235
10	W	4235
16	R	4235
16	J	4245
15	R	4245
15	J	4255
14	R	4255
14	J	4265
13	R	4265
13	J	4275
12	R	4275
4	J	4275
12	J	4285
4	R	4285
4	W	4285
11	R	4285
11	J	4295
16	R	4295
16	J	4305
15	R	4305
9	J	4315
15	J	4315
9	R	4315
9	W	4315
14	R	4315
14	J	4325
13	R	4325
4	J	4327
13	J	4335
4	R	4335
4	W	4335
12	R	4335
10	J	4345
12	J	4345
10	R	4345
10	W	4345
11	R	4345
11	J	4355
16	R	4355
16	J	4365
15	R	4365
15	J	4375
14	R	4375
14	J	4385
13	R	4385
13	J	4395
12	R	4395
12	J	4405
11	R	4405
11	J	4415
16	R	4415
4	J	4415
9	J	4425
16	J	4425
9	R	4425
9	E	4425
1	J	4425
4	R	4425
4	W	4425
1	R	4425
1	W	4426
15	R	4426
15	J	4436
14	R	4436
10	J	4446
14	J	4446
10	R	4446
10	W	4446
13	R	4446
13	J	4456
12	R	4456
12	J	4466
11	R	4466
4	J	4468
11	J	4476
4	R	4476
18	N	4477
18	J	4477
4	W	4478
18	R	4478
