1	N	48
1	J	48
0	J	48
1	R	48
2	N	49
2	J	49
1	W	49
2	R	49
3	N	64
3	J	65
2	J	65
3	R	65
3	J	68
2	R	69
2	J	71
3	R	71
3	W	71
2	R	71
2	E	74
1	J	74
1	R	74
4	N	75
4	J	75
1	W	75
4	R	75
5	N	108
5	J	108
4	J	109
5	R	109
5	J	111
4	R	111
4	W	111
5	R	111
4	J	111
5	E	111
4	R	112
4	W	117
0	R	117
4	J	540
4	R	540
4	W	540
0	R	540
4	J	540
4	R	540
4	W	540
0	R	540
4	J	594
4	R	594
4	W	594
0	R	594
4	J	609
4	R	609
4	W	609
0	R	609
4	J	705
4	R	705
4	W	705
0	R	705
4	J	760
4	R	760
4	W	760
0	R	760
4	J	788
4	R	788
4	W	794
0	R	794
4	J	868
4	R	868
4	W	868
0	R	868
4	J	1140
4	R	1141
6	N	1141
6	J	1142
4	J	1142
6	R	1142
7	N	1144
7	J	1144
6	J	1144
7	R	1144
7	J	1145
4	R	1145
4	W	1145
7	R	1145
7	W	1145
6	R	1145
8	N	1145
8	J	1145
9	N	1146
9	J	1146
6	J	1146
9	R	1146
9	J	1147
8	R	1147
8	J	1148
9	R	1148
9	J	1149
8	R	1149
8	J	1150
6	R	1150
10	N	1150
10	J	1150
11	N	1150
11	J	1151
6	J	1151
11	R	1151
11	J	1152
10	R	1152
10	J	1153
11	R	1153
11	J	1154
10	R	1154
10	J	1155
9	R	1155
9	J	1156
8	R	1156
8	J	1157
6	R	1157
12	N	1157
12	J	1157
13	N	1157
13	J	1158
6	J	1158
13	R	1158
13	J	1159
12	R	1159
12	J	1160
13	R	1160
13	J	1161
12	R	1161
12	J	1162
11	R	1162
11	J	1163
10	R	1163
10	J	1164
9	R	1164
9	J	1165
8	R	1165
8	J	1166
6	R	1166
14	N	1166
14	J	1166
15	N	1166
15	J	1167
6	J	1167
15	R	1167
15	J	1168
14	R	1168
14	J	1169
15	R	1169
15	J	1170
14	R	1170
14	J	1171
13	R	1171
13	J	1172
12	R	1172
12	J	1173
11	R	1173
11	J	1174
10	R	1174
10	J	1175
9	R	1175
9	J	1176
8	R	1176
8	J	1177
6	R	1177
16	N	1177
16	J	1177
6	J	1178
16	R	1178
16	J	1180
15	R	1180
15	J	1181
14	R	1181
14	J	1182
13	R	1182
13	J	1183
12	R	1183
12	J	1184
11	R	1184
11	J	1185
10	R	1185
10	J	1186
9	R	1186
9	J	1187
8	R	1187
8	J	1188
6	R	1188
6	W	1188
16	R	1188
16	J	1189
15	R	1189
15	J	1190
14	R	1190
14	J	1191
13	R	1191
13	J	1192
12	R	1192
12	J	1193
11	R	1193
11	J	1194
10	R	1194
10	J	1195
9	R	1195
9	J	1196
8	R	1196
8	J	1197
16	R	1197
16	J	1198
15	R	1198
15	J	1199
14	R	1199
14	J	1200
13	R	1200
13	J	1201
12	R	1201
12	J	1202
11	R	1202
11	J	1203
10	R	1203
10	J	1204
9	R	1204
9	J	1205
8	R	1205
8	J	1206
16	R	1206
16	J	1207
15	R	1207
15	J	1208
14	R	1208
14	J	1209
13	R	1209
13	J	1210
12	R	1210
12	J	1211
11	R	1211
11	J	1212
10	R	1212
10	J	1213
9	R	1213
9	J	1214
8	R	1214
8	J	1215
16	R	1215
16	J	1216
15	R	1216
15	J	1217
14	R	1217
14	J	1218
13	R	1218
13	J	1219
12	R	1219
12	J	1220
11	R	1220
11	J	1221
10	R	1221
10	J	1222
9	R	1222
9	J	1223
8	R	1223
8	J	1224
16	R	1224
16	J	1225
15	R	1225
15	J	1226
14	R	1226
14	J	1227
13	R	1227
13	J	1228
12	R	1228
12	J	1229
11	R	1229
11	J	1230
10	R	1230
10	J	1231
9	R	1231
9	J	1232
8	R	1232
8	J	1233
16	R	1233
16	J	1234
15	R	1234
15	J	1235
14	R	1235
14	J	1236
13	R	1236
13	J	1237
12	R	1237
12	J	1238
11	R	1238
11	J	1239
10	R	1239
10	J	1240
9	R	1240
9	J	1241
8	R	1241
8	J	1242
16	R	1242
16	J	1243
15	R	1243
15	J	1244
14	R	1244
14	J	1245
13	R	1245
7	J	1246
13	J	1246
12	R	1246
12	J	1247
11	R	1247
11	J	1248
10	R	1248
10	J	1249
9	R	1249
9	J	1250
8	R	1250
8	J	1251
7	R	1251
7	W	1251
16	R	1251
16	J	1252
15	R	1252
15	J	1253
14	R	1253
14	J	1254
13	R	1254
13	J	1255
12	R	1255
12	J	1256
11	R	1256
11	J	1257
10	R	1257
10	J	1258
9	R	1258
9	J	1259
8	R	1259
8	J	1260
16	R	1260
16	J	1261
15	R	1261
15	J	1262
14	R	1262
14	J	1263
13	R	1263
13	J	1264
12	R	1264
12	J	1265
11	R	1265
11	J	1266
10	R	1266
10	J	1267
9	R	1267
9	J	1268
8	R	1268
8	J	1269
16	R	1269
16	J	1270
15	R	1270
15	J	1271
14	R	1271
14	J	1272
13	R	1272
13	J	1273
12	R	1273
12	J	1274
11	R	1274
11	J	1275
10	R	1275
10	J	1276
9	R	1276
9	J	1277
8	R	1277
8	J	1278
16	R	1278
16	J	1279
15	R	1279
15	J	1280
14	R	1280
14	J	1281
13	R	1281
13	J	1282
12	R	1282
12	J	1283
11	R	1283
11	J	1284
10	R	1284
10	J	1285
9	R	1285
9	J	1286
8	R	1286
8	J	1287
16	R	1287
16	J	1288
15	R	1288
15	J	1289
14	R	1289
14	J	1290
13	R	1290
13	J	1291
12	R	1291
12	J	1292
11	R	1292
11	J	1293
10	R	1293
10	J	1294
9	R	1294
9	J	1295
8	R	1295
8	J	1296
16	R	1296
16	J	1297
15	R	1297
15	J	1298
14	R	1298
14	J	1299
13	R	1299
13	J	1300
12	R	1300
12	J	1301
11	R	1301
11	J	1302
10	R	1302
10	J	1303
9	R	1303
9	J	1304
8	R	1304
8	J	1305
16	R	1305
16	J	1306
15	R	1306
15	J	1307
14	R	1307
14	J	1308
13	R	1308
13	J	1309
12	R	1309
12	J	1310
11	R	1310
11	J	1311
10	R	1311
10	J	1312
9	R	1312
9	J	1313
8	R	1313
8	J	1314
16	R	1314
16	J	1315
15	R	1315
15	J	1316
14	R	1316
14	J	1317
13	R	1317
13	J	1318
12	R	1318
12	J	1319
11	R	1319
11	J	1320
10	R	1320
10	J	1321
9	R	1321
9	J	1322
8	R	1322
8	J	1323
16	R	1323
16	J	1324
15	R	1324
15	J	1325
14	R	1325
14	J	1326
13	R	1326
13	J	1327
12	R	1327
12	J	1328
11	R	1328
11	J	1329
10	R	1329
10	J	1330
9	R	1330
9	J	1331
8	R	1331
8	J	1332
16	R	1332
16	J	1333
15	R	1333
15	J	1334
14	R	1334
14	J	1335
13	R	1335
13	J	1336
12	R	1336
12	J	1337
11	R	1337
11	J	1338
10	R	1338
10	J	1339
9	R	1339
9	J	1340
8	R	1340
8	J	1341
16	R	1341
16	J	1342
15	R	1342
15	J	1343
14	R	1343
14	J	1344
13	R	1344
13	J	1345
12	R	1345
12	J	1346
11	R	1346
11	J	1347
10	R	1347
10	J	1348
9	R	1348
9	J	1349
8	R	1349
8	J	1350
16	R	1350
16	J	1351
15	R	1351
7	J	1352
15	J	1352
14	R	1352
14	J	1353
13	R	1353
13	J	1354
12	R	1354
12	J	1355
11	R	1355
11	J	1356
10	R	1356
10	J	1357
9	R	1357
9	J	1358
8	R	1358
8	J	1359
7	R	1359
7	W	1359
16	R	1359
16	J	1360
15	R	1360
15	J	1361
14	R	1361
14	J	1362
13	R	1362
13	J	1363
12	R	1363
12	J	1364
11	R	1364
11	J	1365
10	R	1365
10	J	1366
9	R	1366
9	J	1367
8	R	1367
8	J	1368
16	R	1368
16	J	1369
15	R	1369
15	J	1370
14	R	1370
14	J	1371
13	R	1371
13	J	1372
12	R	1372
12	J	1373
11	R	1373
11	J	1374
10	R	1374
10	J	1375
9	R	1375
9	J	1376
8	R	1376
8	J	1377
16	R	1377
16	J	1378
15	R	1378
15	J	1379
14	R	1379
14	J	1380
13	R	1380
13	J	1381
12	R	1381
12	J	1382
11	R	1382
11	J	1383
10	R	1383
10	J	1384
9	R	1384
9	J	1385
8	R	1385
8	J	1386
16	R	1386
16	J	1387
15	R	1387
15	J	1388
14	R	1388
14	J	1389
13	R	1389
13	J	1390
12	R	1390
12	J	1391
11	R	1391
11	J	1392
10	R	1392
10	J	1393
9	R	1393
9	J	1394
8	R	1394
8	J	1395
16	R	1395
16	J	1396
15	R	1396
15	J	1397
14	R	1397
14	J	1398
13	R	1398
13	J	1399
12	R	1399
12	J	1400
11	R	1400
11	J	1401
10	R	1401
10	J	1402
9	R	1402
9	J	1403
8	R	1403
8	J	1404
16	R	1404
16	J	1405
15	R	1405
15	J	1406
14	R	1406
14	J	1407
13	R	1407
13	J	1408
12	R	1408
12	J	1409
11	R	1409
11	J	1410
10	R	1410
10	J	1411
9	R	1411
9	J	1412
8	R	1412
8	J	1413
16	R	1413
16	J	1414
15	R	1414
15	J	1415
14	R	1415
14	J	1416
13	R	1416
13	J	1417
12	R	1417
12	J	1418
11	R	1418
11	J	1419
10	R	1419
10	J	1420
9	R	1420
9	J	1421
8	R	1421
8	J	1422
16	R	1422
16	J	1423
15	R	1423
15	J	1424
14	R	1424
14	J	1425
13	R	1425
13	J	1426
12	R	1426
12	J	1427
11	R	1427
11	J	1428
10	R	1428
10	J	1429
9	R	1429
9	J	1430
8	R	1430
8	J	1431
16	R	1431
16	J	1432
15	R	1432
15	J	1433
14	R	1433
14	J	1434
13	R	1434
13	J	1435
12	R	1435
12	J	1436
11	R	1436
11	J	1437
10	R	1437
10	J	1438
9	R	1438
9	J	1439
8	R	1439
8	J	1440
16	R	1440
16	J	1441
15	R	1441
15	J	1442
14	R	1442
14	J	1443
13	R	1443
13	J	1444
12	R	1444
12	J	1445
11	R	1445
11	J	1446
10	R	1446
10	J	1447
9	R	1447
9	J	1448
8	R	1448
8	J	1449
16	R	1449
16	J	1450
15	R	1450
15	J	1451
14	R	1451
14	J	1452
13	R	1452
13	J	1453
12	R	1453
12	J	1454
11	R	1454
11	J	1455
10	R	1455
10	J	1456
9	R	1456
9	J	1457
8	R	1457
8	J	1458
16	R	1458
16	J	1459
15	R	1459
7	J	1460
15	J	1460
14	R	1460
14	J	1461
13	R	1461
13	J	1462
12	R	1462
12	J	1463
11	R	1463
11	J	1464
10	R	1464
10	J	1465
9	R	1465
9	J	1466
8	R	1466
8	J	1467
7	R	1467
7	W	1467
16	R	1467
16	J	1468
15	R	1468
15	J	1469
14	R	1469
14	J	1470
13	R	1470
13	J	1471
12	R	1471
12	J	1472
11	R	1472
11	J	1473
10	R	1473
10	J	1474
9	R	1474
9	J	1475
8	R	1475
8	J	1476
16	R	1476
16	J	1477
15	R	1477
15	J	1478
14	R	1478
14	J	1479
13	R	1479
13	J	1480
12	R	1480
12	J	1481
11	R	1481
11	J	1482
10	R	1482
10	J	1483
9	R	1483
9	J	1484
8	R	1484
8	J	1485
16	R	1485
16	J	1486
15	R	1486
15	J	1487
14	R	1487
14	J	1488
13	R	1488
13	J	1489
12	R	1489
12	J	1490
11	R	1490
11	J	1491
10	R	1491
10	J	1492
9	R	1492
9	J	1493
8	R	1493
8	J	1494
16	R	1494
16	J	1495
15	R	1495
15	J	1496
14	R	1496
14	J	1497
13	R	1497
13	J	1498
12	R	1498
12	J	1499
11	R	1499
11	J	1500
10	R	1500
10	J	1501
9	R	1501
9	J	1502
8	R	1502
8	J	1503
16	R	1503
16	J	1504
15	R	1504
15	J	1505
14	R	1505
14	J	1506
13	R	1506
13	J	1507
12	R	1507
12	J	1508
11	R	1508
11	J	1509
10	R	1509
10	J	1510
9	R	1510
9	J	1511
8	R	1511
8	J	1512
16	R	1512
16	J	1513
15	R	1513
15	J	1514
14	R	1514
14	J	1515
13	R	1515
13	J	1516
12	R	1516
12	J	1517
11	R	1517
11	J	1518
10	R	1518
10	J	1519
9	R	1519
9	J	1520
8	R	1520
8	J	1521
16	R	1521
16	J	1522
15	R	1522
15	J	1523
14	R	1523
14	J	1524
13	R	1524
13	J	1525
12	R	1525
12	J	1526
11	R	1526
11	J	1527
10	R	1527
10	J	1528
9	R	1528
9	J	1529
8	R	1529
8	J	1530
16	R	1530
16	J	1531
15	R	1531
15	J	1532
14	R	1532
14	J	1533
13	R	1533
13	J	1534
12	R	1534
12	J	1535
11	R	1535
11	J	1536
10	R	1536
10	J	1537
9	R	1537
9	J	1538
8	R	1538
8	J	1539
16	R	1539
16	J	1540
15	R	1540
15	J	1541
14	R	1541
14	J	1542
13	R	1542
13	J	1543
12	R	1543
12	J	1544
11	R	1544
11	J	1545
10	R	1545
10	J	1546
9	R	1546
9	J	1547
8	R	1547
8	J	1548
16	R	1548
16	J	1549
15	R	1549
15	J	1550
14	R	1550
14	J	1551
13	R	1551
13	J	1552
12	R	1552
12	J	1553
11	R	1553
11	J	1554
10	R	1554
10	J	1555
9	R	1555
9	J	1556
8	R	1556
8	J	1557
16	R	1557
16	J	1558
15	R	1558
15	J	1559
14	R	1559
14	J	1560
13	R	1560
13	J	1561
12	R	1561
12	J	1562
11	R	1562
11	J	1563
10	R	1563
10	J	1564
9	R	1564
9	J	1565
8	R	1565
8	J	1566
16	R	1566
16	J	1567
15	R	1567
7	J	1568
15	J	1568
14	R	1568
14	J	1569
13	R	1569
13	J	1570
12	R	1570
12	J	1571
11	R	1571
11	J	1572
10	R	1572
10	J	1573
9	R	1573
9	J	1574
8	R	1574
8	J	1575
7	R	1575
7	W	1575
16	R	1575
16	J	1576
15	R	1576
15	J	1577
14	R	1577
14	J	1578
13	R	1578
13	J	1579
12	R	1579
12	J	1580
11	R	1580
11	J	1581
10	R	1581
10	J	1582
9	R	1582
9	J	1583
8	R	1583
8	J	1584
16	R	1584
16	J	1585
15	R	1585
15	J	1586
14	R	1586
14	J	1587
13	R	1587
13	J	1588
12	R	1588
12	J	1589
11	R	1589
11	J	1590
10	R	1590
10	J	1591
9	R	1591
9	J	1592
8	R	1592
8	J	1593
16	R	1593
16	J	1594
15	R	1594
15	J	1595
14	R	1595
14	J	1596
13	R	1596
13	J	1597
12	R	1597
12	J	1598
11	R	1598
11	J	1599
10	R	1599
10	J	1600
9	R	1600
9	J	1601
8	R	1601
8	J	1602
16	R	1602
16	J	1603
15	R	1603
15	J	1604
14	R	1604
14	J	1605
13	R	1605
13	J	1606
12	R	1606
12	J	1607
11	R	1607
11	J	1608
10	R	1608
10	J	1609
9	R	1609
9	J	1610
8	R	1610
8	J	1611
16	R	1611
16	J	1612
15	R	1612
15	J	1613
14	R	1613
14	J	1614
13	R	1614
13	J	1615
12	R	1615
12	J	1616
11	R	1616
11	J	1617
10	R	1617
10	J	1618
9	R	1618
9	J	1619
8	R	1619
8	J	1620
16	R	1620
16	J	1621
15	R	1621
15	J	1622
14	R	1622
14	J	1623
13	R	1623
13	J	1624
12	R	1624
12	J	1625
11	R	1625
11	J	1626
10	R	1626
10	J	1627
9	R	1627
9	J	1628
8	R	1628
8	J	1629
16	R	1629
16	J	1630
15	R	1630
15	J	1631
14	R	1631
14	J	1632
13	R	1632
13	J	1633
12	R	1633
12	J	1634
11	R	1634
11	J	1635
10	R	1635
10	J	1636
9	R	1636
9	J	1637
8	R	1637
8	J	1638
16	R	1638
16	J	1639
15	R	1639
15	J	1640
14	R	1640
14	J	1641
13	R	1641
13	J	1642
12	R	1642
12	J	1643
11	R	1643
11	J	1644
10	R	1644
10	J	1645
9	R	1645
9	J	1646
8	R	1646
8	J	1647
16	R	1647
16	J	1648
15	R	1648
15	J	1649
14	R	1649
14	J	1650
13	R	1650
13	J	1651
12	R	1651
12	J	1652
11	R	1652
11	J	1653
10	R	1653
10	J	1654
9	R	1654
9	J	1655
8	R	1655
8	J	1656
16	R	1656
16	J	1657
15	R	1657
15	J	1658
14	R	1658
14	J	1659
13	R	1659
13	J	1660
12	R	1660
12	J	1661
11	R	1661
11	J	1662
10	R	1662
10	J	1663
9	R	1663
9	J	1664
8	R	1664
8	J	1665
16	R	1665
16	J	1666
15	R	1666
15	J	1667
14	R	1667
14	J	1668
13	R	1668
13	J	1669
12	R	1669
12	J	1670
11	R	1670
11	J	1671
10	R	1671
10	J	1672
9	R	1672
9	J	1673
8	R	1673
8	J	1674
16	R	1674
16	J	1675
15	R	1675
7	J	1676
15	J	1676
14	R	1676
14	J	1677
13	R	1677
13	J	1678
12	R	1678
12	J	1679
11	R	1679
11	J	1680
10	R	1680
10	J	1681
9	R	1681
9	J	1682
8	R	1682
8	J	1683
7	R	1683
7	W	1683
16	R	1683
16	J	1684
15	R	1684
15	J	1685
14	R	1685
14	J	1686
13	R	1686
13	J	1687
12	R	1687
12	J	1688
11	R	1688
11	J	1689
10	R	1689
10	J	1690
9	R	1690
9	J	1691
8	R	1691
8	J	1692
16	R	1692
16	J	1693
15	R	1693
15	J	1694
14	R	1694
14	J	1695
13	R	1695
13	J	1696
12	R	1696
12	J	1697
11	R	1697
11	J	1698
10	R	1698
10	J	1699
9	R	1699
9	J	1700
8	R	1700
8	J	1701
16	R	1701
16	J	1702
15	R	1702
15	J	1703
14	R	1703
14	J	1704
13	R	1704
13	J	1705
12	R	1705
12	J	1706
11	R	1706
11	J	1707
10	R	1707
10	J	1708
9	R	1708
9	J	1709
8	R	1709
8	J	1710
16	R	1710
16	J	1711
15	R	1711
15	J	1712
14	R	1712
14	J	1713
13	R	1713
13	J	1714
12	R	1714
12	J	1715
11	R	1715
11	J	1716
10	R	1716
10	J	1717
9	R	1717
9	J	1718
8	R	1718
8	J	1719
16	R	1719
16	J	1720
15	R	1720
15	J	1721
14	R	1721
14	J	1722
13	R	1722
13	J	1723
12	R	1723
12	J	1724
11	R	1724
11	J	1725
10	R	1725
10	J	1726
9	R	1726
9	J	1727
8	R	1727
8	J	1728
16	R	1728
16	J	1729
15	R	1729
15	J	1730
14	R	1730
14	J	1731
13	R	1731
13	J	1732
12	R	1732
12	J	1733
11	R	1733
11	J	1734
10	R	1734
10	J	1735
9	R	1735
9	J	1736
8	R	1736
8	J	1737
16	R	1737
16	J	1738
15	R	1738
15	J	1739
14	R	1739
14	J	1740
13	R	1740
13	J	1741
12	R	1741
12	J	1742
11	R	1742
11	J	1743
10	R	1743
10	J	1744
9	R	1744
9	J	1745
8	R	1745
8	J	1746
16	R	1746
16	J	1747
15	R	1747
15	J	1748
14	R	1748
14	J	1749
13	R	1749
13	J	1750
12	R	1750
12	J	1751
11	R	1751
11	J	1752
10	R	1752
10	J	1753
9	R	1753
9	J	1754
8	R	1754
8	J	1755
16	R	1755
16	J	1756
15	R	1756
15	J	1757
14	R	1757
14	J	1758
13	R	1758
13	J	1759
12	R	1759
12	J	1760
11	R	1760
11	J	1761
10	R	1761
10	J	1762
9	R	1762
9	J	1763
8	R	1763
8	J	1764
16	R	1764
16	J	1765
15	R	1765
15	J	1766
14	R	1766
14	J	1767
13	R	1767
13	J	1768
12	R	1768
12	J	1769
11	R	1769
11	J	1770
10	R	1770
10	J	1771
9	R	1771
9	J	1772
8	R	1772
8	J	1773
16	R	1773
16	J	1774
15	R	1774
15	J	1775
14	R	1775
14	J	1776
13	R	1776
13	J	1777
12	R	1777
12	J	1778
11	R	1778
11	J	1779
10	R	1779
10	J	1780
9	R	1780
9	J	1781
8	R	1781
8	J	1782
16	R	1782
16	J	1783
15	R	1783
7	J	1784
15	J	1784
14	R	1784
14	J	1785
13	R	1785
13	J	1786
12	R	1786
12	J	1787
11	R	1787
11	J	1788
10	R	1788
10	J	1789
9	R	1789
9	J	1790
8	R	1790
8	J	1791
7	R	1791
7	W	1791
16	R	1791
16	J	1792
15	R	1792
15	J	1793
14	R	1793
14	J	1794
13	R	1794
13	J	1795
12	R	1795
12	J	1796
11	R	1796
11	J	1797
10	R	1797
10	J	1798
9	R	1798
9	J	1799
8	R	1799
8	J	1800
16	R	1800
16	J	1801
15	R	1801
15	J	1802
14	R	1802
14	J	1803
13	R	1803
13	J	1804
12	R	1804
12	J	1805
11	R	1805
11	J	1806
10	R	1806
10	J	1807
9	R	1807
9	J	1808
8	R	1808
8	J	1809
16	R	1809
16	J	1810
15	R	1810
15	J	1811
14	R	1811
14	J	1812
13	R	1812
13	J	1813
12	R	1813
12	J	1814
11	R	1814
11	J	1815
10	R	1815
10	J	1816
9	R	1816
9	J	1817
8	R	1817
8	J	1818
16	R	1818
16	J	1819
15	R	1819
15	J	1820
14	R	1820
14	J	1821
13	R	1821
13	J	1822
12	R	1822
12	J	1823
11	R	1823
11	J	1824
10	R	1824
10	J	1825
9	R	1825
9	J	1826
8	R	1826
8	J	1827
16	R	1827
16	J	1828
15	R	1828
15	J	1829
14	R	1829
14	J	1830
13	R	1830
13	J	1831
12	R	1831
12	J	1832
11	R	1832
11	J	1833
10	R	1833
10	J	1834
9	R	1834
9	J	1835
8	R	1835
8	J	1836
16	R	1836
16	J	1837
15	R	1837
15	J	1838
14	R	1838
14	J	1839
13	R	1839
13	J	1840
12	R	1840
12	J	1841
11	R	1841
11	J	1842
10	R	1842
10	J	1843
9	R	1843
9	J	1844
8	R	1844
8	J	1845
16	R	1845
16	J	1846
15	R	1846
15	J	1847
14	R	1847
14	J	1848
13	R	1848
13	J	1849
12	R	1849
12	J	1850
11	R	1850
11	J	1851
10	R	1851
10	J	1852
9	R	1852
9	J	1853
8	R	1853
8	J	1854
16	R	1854
16	J	1855
15	R	1855
15	J	1856
14	R	1856
14	J	1857
13	R	1857
13	J	1858
12	R	1858
12	J	1859
11	R	1859
11	J	1860
10	R	1860
10	J	1861
9	R	1861
9	J	1862
8	R	1862
8	J	1863
16	R	1863
16	J	1864
15	R	1864
15	J	1865
14	R	1865
14	J	1866
13	R	1866
13	J	1867
12	R	1867
12	J	1868
11	R	1868
11	J	1869
10	R	1869
10	J	1870
9	R	1870
9	J	1871
8	R	1871
8	J	1872
16	R	1872
16	J	1873
15	R	1873
15	J	1874
14	R	1874
14	J	1875
13	R	1875
13	J	1876
12	R	1876
12	J	1877
11	R	1877
11	J	1878
10	R	1878
10	J	1879
9	R	1879
9	J	1880
8	R	1880
8	J	1881
16	R	1881
16	J	1882
15	R	1882
15	J	1883
14	R	1883
14	J	1884
13	R	1884
13	J	1885
12	R	1885
12	J	1886
11	R	1886
11	J	1887
10	R	1887
10	J	1888
9	R	1888
9	J	1889
8	R	1889
8	J	1890
16	R	1890
16	J	1891
15	R	1891
7	J	1892
15	J	1892
14	R	1892
14	J	1893
13	R	1893
13	J	1894
12	R	1894
12	J	1895
11	R	1895
11	J	1896
10	R	1896
10	J	1897
9	R	1897
9	J	1898
8	R	1898
8	J	1899
7	R	1899
7	W	1899
16	R	1899
16	J	1900
15	R	1900
15	J	1901
14	R	1901
14	J	1902
13	R	1902
13	J	1903
12	R	1903
12	J	1904
11	R	1904
11	J	1905
10	R	1905
10	J	1906
9	R	1906
9	J	1907
8	R	1907
8	J	1908
16	R	1908
16	J	1909
15	R	1909
15	J	1910
14	R	1910
14	J	1911
13	R	1911
13	J	1912
12	R	1912
12	J	1913
11	R	1913
11	J	1914
10	R	1914
10	J	1915
9	R	1915
9	J	1916
8	R	1916
8	J	1917
16	R	1917
16	J	1918
15	R	1918
15	J	1919
14	R	1919
14	J	1920
13	R	1920
13	J	1921
12	R	1921
12	J	1922
11	R	1922
11	J	1923
10	R	1923
10	J	1924
9	R	1924
9	J	1925
8	R	1925
8	J	1926
16	R	1926
16	J	1927
15	R	1927
15	J	1928
14	R	1928
14	J	1929
13	R	1929
13	J	1930
12	R	1930
12	J	1931
11	R	1931
11	J	1932
10	R	1932
10	J	1933
9	R	1933
9	J	1934
8	R	1934
8	J	1935
16	R	1935
16	J	1936
15	R	1936
15	J	1937
14	R	1937
14	J	1938
13	R	1938
13	J	1939
12	R	1939
12	J	1940
11	R	1940
11	J	1941
10	R	1941
10	J	1942
9	R	1942
9	J	1943
8	R	1943
8	J	1944
16	R	1944
16	J	1945
15	R	1945
15	J	1946
14	R	1946
14	J	1947
13	R	1947
13	J	1948
12	R	1948
12	J	1949
11	R	1949
11	J	1950
10	R	1950
10	J	1951
9	R	1951
9	J	1952
8	R	1952
8	J	1953
16	R	1953
16	J	1954
15	R	1954
15	J	1955
14	R	1955
14	J	1956
13	R	1956
13	J	1957
12	R	1957
12	J	1958
11	R	1958
11	J	1959
10	R	1959
10	J	1960
9	R	1960
9	J	1961
8	R	1961
8	J	1962
16	R	1962
16	J	1963
15	R	1963
15	J	1964
14	R	1964
14	J	1965
13	R	1965
13	J	1966
12	R	1966
12	J	1967
11	R	1967
11	J	1968
10	R	1968
10	J	1969
9	R	1969
9	J	1970
8	R	1970
8	J	1971
16	R	1971
16	J	1972
15	R	1972
15	J	1973
14	R	1973
14	J	1974
13	R	1974
13	J	1975
12	R	1975
12	J	1976
11	R	1976
11	J	1977
10	R	1977
10	J	1978
9	R	1978
9	J	1979
8	R	1979
8	J	1980
16	R	1980
16	J	1981
15	R	1981
15	J	1982
14	R	1982
14	J	1983
13	R	1983
13	J	1984
12	R	1984
12	J	1985
11	R	1985
11	J	1986
10	R	1986
10	J	1987
9	R	1987
9	J	1988
8	R	1988
8	J	1989
16	R	1989
16	J	1990
15	R	1990
15	J	1991
14	R	1991
14	J	1992
13	R	1992
13	J	1993
12	R	1993
12	J	1994
11	R	1994
11	J	1995
10	R	1995
10	J	1996
9	R	1996
9	J	1997
8	R	1997
8	J	1998
16	R	1998
16	J	1999
15	R	1999
7	J	2000
15	J	2000
14	R	2000
14	J	2001
13	R	2001
13	J	2002
12	R	2002
12	J	2003
11	R	2003
11	J	2004
10	R	2004
10	J	2005
9	R	2005
9	J	2006
8	R	2006
8	J	2007
7	R	2007
7	W	2007
16	R	2007
16	J	2008
15	R	2008
15	J	2009
14	R	2009
14	J	2010
13	R	2010
13	J	2011
12	R	2011
12	J	2012
11	R	2012
11	J	2013
10	R	2013
10	J	2014
9	R	2014
9	J	2015
8	R	2015
8	J	2016
16	R	2016
16	J	2017
15	R	2017
15	J	2018
14	R	2018
14	J	2019
13	R	2019
13	J	2020
12	R	2020
12	J	2021
11	R	2021
11	J	2022
10	R	2022
10	J	2023
9	R	2023
9	J	2024
8	R	2024
8	J	2025
16	R	2025
16	J	2026
15	R	2026
15	J	2027
14	R	2027
14	J	2028
13	R	2028
13	J	2029
12	R	2029
12	J	2030
11	R	2030
11	J	2031
10	R	2031
10	J	2032
9	R	2032
9	J	2033
8	R	2033
8	J	2034
16	R	2034
16	J	2035
15	R	2035
15	J	2036
14	R	2036
14	J	2037
13	R	2037
13	J	2038
12	R	2038
12	J	2039
11	R	2039
11	J	2040
10	R	2040
10	J	2041
9	R	2041
9	J	2042
8	R	2042
8	W	2042
16	R	2042
16	J	2043
15	R	2043
15	J	2044
14	R	2044
14	J	2045
13	R	2045
13	J	2046
12	R	2046
12	J	2047
11	R	2047
11	J	2048
10	R	2048
10	J	2049
9	R	2049
9	J	2050
16	R	2050
16	J	2051
15	R	2051
15	J	2052
14	R	2052
14	J	2053
13	R	2053
13	J	2054
12	R	2054
12	J	2055
11	R	2055
11	J	2056
10	R	2056
10	J	2057
9	R	2057
9	J	2058
16	R	2058
16	J	2059
15	R	2059
15	J	2060
14	R	2060
14	J	2061
13	R	2061
13	J	2062
12	R	2062
12	J	2063
11	R	2063
11	J	2064
10	R	2064
10	J	2065
9	R	2065
9	J	2066
16	R	2066
16	J	2067
15	R	2067
15	J	2068
14	R	2068
14	J	2069
13	R	2069
13	J	2070
12	R	2070
12	J	2071
11	R	2071
11	J	2072
10	R	2072
10	J	2073
9	R	2073
9	J	2074
16	R	2074
16	J	2075
15	R	2075
15	J	2076
14	R	2076
14	J	2077
13	R	2077
13	J	2078
12	R	2078
12	J	2079
11	R	2079
11	J	2080
10	R	2080
10	J	2081
9	R	2081
9	J	2082
16	R	2082
16	J	2083
15	R	2083
15	J	2084
14	R	2084
14	J	2085
13	R	2085
13	J	2086
12	R	2086
12	J	2087
11	R	2087
11	J	2088
10	R	2088
10	J	2089
9	R	2089
9	J	2090
16	R	2090
16	J	2091
15	R	2091
15	J	2092
14	R	2092
14	J	2093
13	R	2093
13	J	2094
12	R	2094
12	J	2095
11	R	2095
11	J	2096
10	R	2096
10	J	2097
9	R	2097
9	J	2098
16	R	2098
16	J	2099
15	R	2099
15	J	2100
14	R	2100
14	J	2101
13	R	2101
13	J	2102
12	R	2102
12	J	2103
11	R	2103
11	J	2104
10	R	2104
10	J	2105
9	R	2105
9	J	2106
16	R	2106
16	J	2107
15	R	2107
7	J	2108
15	J	2108
14	R	2108
14	J	2109
13	R	2109
13	J	2110
12	R	2110
12	J	2111
11	R	2111
11	J	2112
10	R	2112
10	J	2113
9	R	2113
9	J	2114
7	R	2114
7	W	2114
16	R	2114
16	J	2115
15	R	2115
15	J	2116
14	R	2116
14	J	2117
13	R	2117
13	J	2118
12	R	2118
12	J	2119
11	R	2119
11	J	2120
10	R	2120
10	J	2121
9	R	2121
9	J	2122
16	R	2122
16	J	2123
15	R	2123
15	J	2124
14	R	2124
14	J	2125
13	R	2125
13	J	2126
12	R	2126
12	J	2127
11	R	2127
11	J	2128
10	R	2128
10	J	2129
9	R	2129
9	J	2130
16	R	2130
16	J	2131
15	R	2131
15	J	2132
14	R	2132
14	J	2133
13	R	2133
13	J	2134
12	R	2134
12	J	2135
11	R	2135
11	J	2136
10	R	2136
10	J	2137
9	R	2137
9	J	2138
16	R	2138
16	J	2139
15	R	2139
15	J	2140
14	R	2140
14	J	2141
13	R	2141
13	J	2142
12	R	2142
8	J	2143
12	J	2143
11	R	2143
11	J	2144
10	R	2144
10	J	2145
9	R	2145
9	J	2146
8	R	2146
8	W	2146
16	R	2146
16	J	2147
15	R	2147
15	J	2148
14	R	2148
14	J	2149
13	R	2149
13	J	2150
12	R	2150
12	J	2151
11	R	2151
11	J	2152
10	R	2152
10	J	2153
9	R	2153
9	J	2154
16	R	2154
16	J	2155
15	R	2155
15	J	2156
14	R	2156
14	J	2157
13	R	2157
13	J	2158
12	R	2158
12	J	2159
11	R	2159
11	J	2160
10	R	2160
10	J	2161
9	R	2161
9	J	2162
16	R	2162
16	J	2163
15	R	2163
15	J	2164
14	R	2164
14	J	2165
13	R	2165
13	J	2166
12	R	2166
12	J	2167
11	R	2167
11	J	2168
10	R	2168
10	J	2169
9	R	2169
9	J	2170
16	R	2170
16	J	2171
15	R	2171
15	J	2172
14	R	2172
14	J	2173
13	R	2173
13	J	2174
12	R	2174
12	J	2175
11	R	2175
11	J	2176
10	R	2176
10	J	2177
9	R	2177
9	J	2178
16	R	2178
16	J	2179
15	R	2179
15	J	2180
14	R	2180
14	J	2181
13	R	2181
13	J	2182
12	R	2182
12	J	2183
11	R	2183
11	J	2184
10	R	2184
10	J	2185
9	R	2185
9	J	2186
16	R	2186
16	J	2187
15	R	2187
15	J	2188
14	R	2188
14	J	2189
13	R	2189
13	J	2190
12	R	2190
12	J	2191
11	R	2191
11	J	2192
10	R	2192
10	J	2193
9	R	2193
9	J	2194
16	R	2194
16	J	2195
15	R	2195
15	J	2196
14	R	2196
14	J	2197
13	R	2197
13	J	2198
12	R	2198
12	J	2199
11	R	2199
11	J	2200
10	R	2200
10	J	2201
9	R	2201
9	J	2202
16	R	2202
16	J	2203
15	R	2203
15	J	2204
14	R	2204
14	J	2205
13	R	2205
13	J	2206
12	R	2206
12	J	2207
11	R	2207
11	J	2208
10	R	2208
10	J	2209
9	R	2209
9	J	2210
16	R	2210
16	J	2211
15	R	2211
15	J	2212
14	R	2212
14	J	2213
13	R	2213
13	J	2214
12	R	2214
7	J	2215
12	J	2215
11	R	2215
11	J	2216
10	R	2216
10	J	2217
9	R	2217
9	J	2218
7	R	2218
7	E	2218
6	J	2218
6	R	2218
6	E	2219
4	J	2219
4	R	2219
17	N	2219
17	J	2220
4	J	2220
17	R	2220
17	J	2221
16	R	2221
16	J	2222
15	R	2222
15	J	2223
14	R	2223
14	J	2224
13	R	2224
13	J	2225
12	R	2225
12	J	2226
11	R	2226
11	J	2227
10	R	2227
10	J	2228
9	R	2228
9	J	2229
17	R	2229
17	J	2230
4	R	2230
4	W	2230
16	R	2230
16	J	2231
15	R	2231
15	J	2232
14	R	2232
14	J	2233
13	R	2233
13	J	2234
12	R	2234
12	J	2235
11	R	2235
11	J	2236
10	R	2236
10	J	2237
9	R	2237
9	J	2238
17	R	2238
4	J	2238
17	E	2239
4	R	2239
4	W	2239
16	R	2239
16	J	2240
15	R	2240
15	J	2241
14	R	2241
14	J	2242
13	R	2242
13	J	2243
12	R	2243
12	J	2244
11	R	2244
11	J	2245
10	R	2245
10	J	2246
9	R	2246
8	J	2247
9	J	2247
8	R	2247
8	W	2247
16	R	2247
16	J	2248
15	R	2248
15	J	2249
14	R	2249
14	J	2250
13	R	2250
13	J	2251
12	R	2251
12	J	2252
11	R	2252
11	J	2253
10	R	2253
10	J	2254
9	R	2254
9	J	2255
16	R	2255
16	J	2256
15	R	2256
15	J	2257
14	R	2257
14	J	2258
13	R	2258
13	J	2259
12	R	2259
12	J	2260
11	R	2260
11	J	2261
10	R	2261
10	J	2262
9	R	2262
9	J	2263
16	R	2263
16	J	2264
15	R	2264
15	J	2265
14	R	2265
14	J	2266
13	R	2266
13	J	2267
12	R	2267
12	J	2268
11	R	2268
11	J	2269
10	R	2269
10	J	2270
9	R	2270
9	J	2271
16	R	2271
16	J	2272
15	R	2272
15	J	2273
14	R	2273
14	J	2274
13	R	2274
13	J	2275
12	R	2275
12	J	2276
11	R	2276
11	J	2277
10	R	2277
10	J	2278
9	R	2278
9	J	2279
16	R	2279
16	J	2280
15	R	2280
15	J	2281
14	R	2281
14	J	2282
13	R	2282
13	J	2283
12	R	2283
12	J	2284
11	R	2284
11	J	2285
10	R	2285
10	J	2286
9	R	2286
9	J	2287
16	R	2287
16	J	2288
15	R	2288
15	J	2289
14	R	2289
14	J	2290
13	R	2290
13	J	2291
12	R	2291
12	J	2292
11	R	2292
11	J	2293
10	R	2293
10	J	2294
9	R	2294
9	J	2295
16	R	2295
16	J	2296
15	R	2296
15	J	2297
14	R	2297
14	J	2298
13	R	2298
13	J	2299
12	R	2299
12	J	2300
11	R	2300
11	J	2301
10	R	2301
10	J	2302
9	R	2302
9	J	2303
16	R	2303
16	J	2304
15	R	2304
15	J	2305
14	R	2305
14	J	2306
13	R	2306
13	J	2307
12	R	2307
12	J	2308
11	R	2308
11	J	2309
10	R	2309
10	J	2310
9	R	2310
9	J	2311
16	R	2311
16	J	2312
15	R	2312
15	J	2313
14	R	2313
14	J	2314
13	R	2314
13	J	2315
12	R	2315
12	J	2316
11	R	2316
11	J	2317
10	R	2317
10	J	2318
9	R	2318
9	J	2319
16	R	2319
16	J	2320
15	R	2320
15	J	2321
14	R	2321
14	J	2322
13	R	2322
13	J	2323
12	R	2323
12	J	2324
11	R	2324
11	J	2325
10	R	2325
10	J	2326
9	R	2326
9	J	2327
16	R	2327
16	J	2328
15	R	2328
15	J	2329
14	R	2329
14	J	2330
13	R	2330
13	J	2331
12	R	2331
12	J	2332
11	R	2332
11	J	2333
10	R	2333
10	J	2334
9	R	2334
9	J	2335
16	R	2335
16	J	2336
15	R	2336
15	J	2337
14	R	2337
14	J	2338
13	R	2338
13	J	2339
12	R	2339
12	J	2340
11	R	2340
11	J	2341
10	R	2341
10	J	2342
9	R	2342
9	J	2343
16	R	2343
16	J	2344
15	R	2344
15	J	2345
14	R	2345
14	J	2346
13	R	2346
13	J	2347
12	R	2347
8	J	2348
12	J	2348
11	R	2348
11	J	2349
10	R	2349
10	J	2350
9	R	2350
9	J	2351
8	R	2351
8	W	2351
16	R	2351
16	J	2352
15	R	2352
15	J	2353
14	R	2353
14	J	2354
13	R	2354
13	J	2355
12	R	2355
12	J	2356
11	R	2356
11	J	2357
10	R	2357
10	J	2358
9	R	2358
9	J	2359
16	R	2359
16	J	2360
15	R	2360
15	J	2361
14	R	2361
14	J	2362
13	R	2362
13	J	2363
12	R	2363
12	J	2364
11	R	2364
11	J	2365
10	R	2365
10	J	2366
9	R	2366
9	J	2367
16	R	2367
16	J	2368
15	R	2368
15	J	2369
14	R	2369
14	J	2370
13	R	2370
13	J	2371
12	R	2371
12	J	2372
11	R	2372
11	J	2373
10	R	2373
10	J	2374
9	R	2374
9	J	2375
16	R	2375
16	J	2376
15	R	2376
15	J	2377
14	R	2377
14	J	2378
13	R	2378
13	J	2379
12	R	2379
12	J	2380
11	R	2380
11	J	2381
10	R	2381
10	J	2382
9	R	2382
9	J	2383
16	R	2383
16	J	2384
15	R	2384
15	J	2385
14	R	2385
14	J	2386
13	R	2386
13	J	2387
12	R	2387
12	J	2388
11	R	2388
11	J	2389
10	R	2389
10	J	2390
9	R	2390
9	J	2391
16	R	2391
16	J	2392
15	R	2392
15	J	2393
14	R	2393
14	J	2394
13	R	2394
13	J	2395
12	R	2395
12	J	2396
11	R	2396
11	J	2397
10	R	2397
10	J	2398
9	R	2398
9	J	2399
16	R	2399
16	J	2400
15	R	2400
15	J	2401
14	R	2401
14	J	2402
13	R	2402
13	J	2403
12	R	2403
12	J	2404
11	R	2404
11	J	2405
10	R	2405
10	J	2406
9	R	2406
9	J	2407
16	R	2407
16	J	2408
15	R	2408
15	J	2409
14	R	2409
14	J	2410
13	R	2410
13	J	2411
12	R	2411
12	J	2412
11	R	2412
11	J	2413
10	R	2413
10	J	2414
9	R	2414
9	J	2415
16	R	2415
16	J	2416
15	R	2416
15	J	2417
14	R	2417
14	J	2418
13	R	2418
13	J	2419
12	R	2419
12	J	2420
11	R	2420
11	J	2421
10	R	2421
10	J	2422
9	R	2422
9	J	2423
16	R	2423
16	J	2424
15	R	2424
15	J	2425
14	R	2425
14	J	2426
13	R	2426
13	J	2427
12	R	2427
12	J	2428
11	R	2428
11	J	2429
10	R	2429
10	J	2430
9	R	2430
9	J	2431
16	R	2431
16	J	2432
15	R	2432
15	J	2433
14	R	2433
14	J	2434
13	R	2434
13	J	2435
12	R	2435
12	J	2436
11	R	2436
11	J	2437
10	R	2437
10	J	2438
9	R	2438
9	J	2439
16	R	2439
16	J	2440
15	R	2440
15	J	2441
14	R	2441
14	J	2442
13	R	2442
13	J	2443
12	R	2443
12	J	2444
11	R	2444
11	J	2445
10	R	2445
10	J	2446
9	R	2446
9	J	2447
16	R	2447
16	J	2448
15	R	2448
15	J	2449
14	R	2449
14	J	2450
13	R	2450
13	J	2451
12	R	2451
8	J	2452
12	J	2452
11	R	2452
11	J	2453
10	R	2453
10	J	2454
9	R	2454
9	J	2455
8	R	2455
8	W	2455
16	R	2455
16	J	2456
15	R	2456
15	J	2457
14	R	2457
14	J	2458
13	R	2458
13	J	2459
12	R	2459
12	J	2460
11	R	2460
11	J	2461
10	R	2461
10	J	2462
9	R	2462
9	J	2463
16	R	2463
16	J	2464
15	R	2464
15	J	2465
14	R	2465
14	J	2466
13	R	2466
13	J	2467
12	R	2467
12	J	2468
11	R	2468
11	J	2469
10	R	2469
10	J	2470
9	R	2470
9	J	2471
16	R	2471
16	J	2472
15	R	2472
15	J	2473
14	R	2473
14	J	2474
13	R	2474
13	J	2475
12	R	2475
12	J	2476
11	R	2476
11	J	2477
10	R	2477
10	J	2478
9	R	2478
9	J	2479
16	R	2479
16	J	2480
15	R	2480
15	J	2481
14	R	2481
14	J	2482
13	R	2482
13	J	2483
12	R	2483
12	J	2484
11	R	2484
11	J	2485
10	R	2485
10	J	2486
9	R	2486
9	J	2487
16	R	2487
16	J	2488
15	R	2488
15	J	2489
14	R	2489
14	J	2490
13	R	2490
13	J	2491
12	R	2491
12	J	2492
11	R	2492
11	J	2493
10	R	2493
10	J	2494
9	R	2494
9	J	2495
16	R	2495
16	J	2496
15	R	2496
15	J	2497
14	R	2497
14	J	2498
13	R	2498
13	J	2499
12	R	2499
12	J	2500
11	R	2500
11	J	2501
10	R	2501
10	J	2502
9	R	2502
9	J	2503
16	R	2503
16	J	2504
15	R	2504
15	J	2505
14	R	2505
14	J	2506
13	R	2506
13	J	2507
12	R	2507
12	J	2508
11	R	2508
11	J	2509
10	R	2509
10	J	2510
9	R	2510
9	J	2511
16	R	2511
16	J	2512
15	R	2512
15	J	2513
14	R	2513
14	J	2514
13	R	2514
13	J	2515
12	R	2515
12	J	2516
11	R	2516
11	J	2517
10	R	2517
10	J	2518
9	R	2518
9	J	2519
16	R	2519
16	J	2520
15	R	2520
15	J	2521
14	R	2521
14	J	2522
13	R	2522
13	J	2523
12	R	2523
12	J	2524
11	R	2524
11	J	2525
10	R	2525
10	J	2526
9	R	2526
9	J	2527
16	R	2527
16	J	2528
15	R	2528
15	J	2529
14	R	2529
14	J	2530
13	R	2530
13	J	2531
12	R	2531
12	J	2532
11	R	2532
11	J	2533
10	R	2533
10	J	2534
9	R	2534
9	J	2535
16	R	2535
16	J	2536
15	R	2536
15	J	2537
14	R	2537
14	J	2538
13	R	2538
13	J	2539
12	R	2539
12	J	2540
11	R	2540
11	J	2541
10	R	2541
10	J	2542
9	R	2542
9	J	2543
16	R	2543
16	J	2544
15	R	2544
15	J	2545
14	R	2545
14	J	2546
13	R	2546
13	J	2547
12	R	2547
12	J	2548
11	R	2548
11	J	2549
10	R	2549
10	J	2550
9	R	2550
9	J	2551
16	R	2551
16	J	2552
15	R	2552
15	J	2553
14	R	2553
14	J	2554
13	R	2554
13	J	2555
12	R	2555
8	J	2556
12	J	2556
11	R	2556
11	J	2557
10	R	2557
10	J	2558
9	R	2558
9	J	2559
8	R	2559
8	W	2559
16	R	2559
16	J	2560
15	R	2560
15	J	2561
14	R	2561
14	J	2562
13	R	2562
13	J	2563
12	R	2563
12	J	2564
11	R	2564
11	J	2565
10	R	2565
10	J	2566
9	R	2566
9	J	2567
16	R	2567
16	J	2568
15	R	2568
15	J	2569
14	R	2569
14	J	2570
13	R	2570
13	J	2571
12	R	2571
12	J	2572
11	R	2572
11	J	2573
10	R	2573
10	J	2574
9	R	2574
9	J	2575
16	R	2575
16	J	2576
15	R	2576
15	J	2577
14	R	2577
14	J	2578
13	R	2578
13	J	2579
12	R	2579
12	J	2580
11	R	2580
11	J	2581
10	R	2581
10	J	2582
9	R	2582
9	J	2583
16	R	2583
16	J	2584
15	R	2584
15	J	2585
14	R	2585
14	J	2586
13	R	2586
13	J	2587
12	R	2587
12	J	2588
11	R	2588
11	J	2589
10	R	2589
10	J	2590
9	R	2590
9	J	2591
16	R	2591
16	J	2592
15	R	2592
15	J	2593
14	R	2593
14	J	2594
13	R	2594
13	J	2595
12	R	2595
12	J	2596
11	R	2596
11	J	2597
10	R	2597
10	J	2598
9	R	2598
9	J	2599
16	R	2599
16	J	2600
15	R	2600
15	J	2601
14	R	2601
14	J	2602
13	R	2602
13	J	2603
12	R	2603
12	J	2604
11	R	2604
11	J	2605
10	R	2605
10	J	2606
9	R	2606
9	J	2607
16	R	2607
16	J	2608
15	R	2608
15	J	2609
14	R	2609
14	J	2610
13	R	2610
13	J	2611
12	R	2611
12	J	2612
11	R	2612
11	J	2613
10	R	2613
10	J	2614
9	R	2614
9	J	2615
16	R	2615
16	J	2616
15	R	2616
15	J	2617
14	R	2617
14	J	2618
13	R	2618
13	J	2619
12	R	2619
12	J	2620
11	R	2620
11	J	2621
10	R	2621
10	J	2622
9	R	2622
9	J	2623
16	R	2623
16	J	2624
15	R	2624
15	J	2625
14	R	2625
14	J	2626
13	R	2626
13	J	2627
12	R	2627
12	J	2628
11	R	2628
11	J	2629
10	R	2629
10	J	2630
9	R	2630
9	J	2631
16	R	2631
16	J	2632
15	R	2632
15	J	2633
14	R	2633
14	J	2634
13	R	2634
13	J	2635
12	R	2635
12	J	2636
11	R	2636
11	J	2637
10	R	2637
10	J	2638
9	R	2638
9	J	2639
16	R	2639
16	J	2640
15	R	2640
15	J	2641
14	R	2641
14	J	2642
13	R	2642
13	J	2643
12	R	2643
12	J	2644
11	R	2644
11	J	2645
10	R	2645
10	J	2646
9	R	2646
9	J	2647
16	R	2647
16	J	2648
15	R	2648
15	J	2649
14	R	2649
14	J	2650
13	R	2650
13	J	2651
12	R	2651
12	J	2652
11	R	2652
11	J	2653
10	R	2653
10	J	2654
9	R	2654
9	J	2655
16	R	2655
16	J	2656
15	R	2656
15	J	2657
14	R	2657
14	J	2658
13	R	2658
13	J	2659
12	R	2659
8	J	2660
12	J	2660
11	R	2660
11	J	2661
10	R	2661
10	J	2662
9	R	2662
9	J	2663
8	R	2663
8	W	2663
16	R	2663
16	J	2664
15	R	2664
15	J	2665
14	R	2665
14	J	2666
13	R	2666
13	J	2667
12	R	2667
12	J	2668
11	R	2668
11	J	2669
10	R	2669
10	J	2670
9	R	2670
9	J	2671
16	R	2671
16	J	2672
15	R	2672
15	J	2673
14	R	2673
14	J	2674
13	R	2674
13	J	2675
12	R	2675
12	J	2676
11	R	2676
11	J	2677
10	R	2677
10	J	2678
9	R	2678
9	J	2679
16	R	2679
16	J	2680
15	R	2680
15	J	2681
14	R	2681
14	J	2682
13	R	2682
13	J	2683
12	R	2683
12	J	2684
11	R	2684
11	J	2685
10	R	2685
10	J	2686
9	R	2686
9	J	2687
16	R	2687
16	J	2688
15	R	2688
15	J	2689
14	R	2689
14	J	2690
13	R	2690
13	J	2691
12	R	2691
12	J	2692
11	R	2692
11	J	2693
10	R	2693
10	J	2694
9	R	2694
9	J	2695
16	R	2695
16	J	2696
15	R	2696
15	J	2697
14	R	2697
14	J	2698
13	R	2698
13	J	2699
12	R	2699
12	J	2700
11	R	2700
11	J	2701
10	R	2701
10	J	2702
9	R	2702
9	J	2703
16	R	2703
16	J	2704
15	R	2704
15	J	2705
14	R	2705
14	J	2706
13	R	2706
13	J	2707
12	R	2707
12	J	2708
11	R	2708
11	J	2709
10	R	2709
10	J	2710
9	R	2710
9	J	2711
16	R	2711
16	J	2712
15	R	2712
15	J	2713
14	R	2713
14	J	2714
13	R	2714
13	J	2715
12	R	2715
12	J	2716
11	R	2716
11	J	2717
10	R	2717
10	J	2718
9	R	2718
9	J	2719
16	R	2719
16	J	2720
15	R	2720
15	J	2721
14	R	2721
14	J	2722
13	R	2722
13	J	2723
12	R	2723
12	J	2724
11	R	2724
11	J	2725
10	R	2725
10	J	2726
9	R	2726
9	J	2727
16	R	2727
16	J	2728
15	R	2728
15	J	2729
14	R	2729
14	J	2730
13	R	2730
13	J	2731
12	R	2731
12	J	2732
11	R	2732
11	J	2733
10	R	2733
10	J	2734
9	R	2734
9	J	2735
16	R	2735
16	J	2736
15	R	2736
15	J	2737
14	R	2737
14	J	2738
13	R	2738
13	J	2739
12	R	2739
12	J	2740
11	R	2740
11	J	2741
10	R	2741
10	J	2742
9	R	2742
9	J	2743
16	R	2743
16	J	2744
15	R	2744
15	J	2745
14	R	2745
14	J	2746
13	R	2746
13	J	2747
12	R	2747
12	J	2748
11	R	2748
11	J	2749
10	R	2749
10	J	2750
9	R	2750
9	J	2751
16	R	2751
16	J	2752
15	R	2752
15	J	2753
14	R	2753
14	J	2754
13	R	2754
13	J	2755
12	R	2755
12	J	2756
11	R	2756
11	J	2757
10	R	2757
10	J	2758
9	R	2758
9	J	2759
16	R	2759
16	J	2760
15	R	2760
15	J	2761
14	R	2761
14	J	2762
13	R	2762
13	J	2763
12	R	2763
8	J	2764
12	J	2764
11	R	2764
11	J	2765
10	R	2765
10	J	2766
9	R	2766
9	J	2767
8	R	2767
8	W	2767
16	R	2767
16	J	2768
15	R	2768
15	J	2769
14	R	2769
14	J	2770
13	R	2770
13	J	2771
12	R	2771
12	J	2772
11	R	2772
11	J	2773
10	R	2773
10	J	2774
9	R	2774
9	J	2775
16	R	2775
16	J	2776
15	R	2776
15	J	2777
14	R	2777
14	J	2778
13	R	2778
13	J	2779
12	R	2779
12	J	2780
11	R	2780
11	J	2781
10	R	2781
10	J	2782
9	R	2782
9	J	2783
16	R	2783
16	J	2784
15	R	2784
15	J	2785
14	R	2785
14	J	2786
13	R	2786
13	J	2787
12	R	2787
12	J	2788
11	R	2788
11	J	2789
10	R	2789
10	J	2790
9	R	2790
9	J	2791
16	R	2791
16	J	2792
15	R	2792
15	J	2793
14	R	2793
14	J	2794
13	R	2794
13	J	2795
12	R	2795
12	J	2796
11	R	2796
11	J	2797
10	R	2797
10	J	2798
9	R	2798
9	J	2799
16	R	2799
16	J	2800
15	R	2800
15	J	2801
14	R	2801
14	J	2802
13	R	2802
13	J	2803
12	R	2803
12	J	2804
11	R	2804
11	J	2805
10	R	2805
10	J	2806
9	R	2806
9	J	2807
16	R	2807
16	J	2808
15	R	2808
15	J	2809
14	R	2809
14	J	2810
13	R	2810
13	J	2811
12	R	2811
12	J	2812
11	R	2812
11	J	2813
10	R	2813
10	J	2814
9	R	2814
9	J	2815
16	R	2815
16	J	2816
15	R	2816
15	J	2817
14	R	2817
14	J	2818
13	R	2818
13	J	2819
12	R	2819
12	J	2820
11	R	2820
11	J	2821
10	R	2821
10	J	2822
9	R	2822
9	J	2823
16	R	2823
16	J	2824
15	R	2824
15	J	2825
14	R	2825
14	J	2826
13	R	2826
13	J	2827
12	R	2827
12	J	2828
11	R	2828
11	J	2829
10	R	2829
10	J	2830
9	R	2830
9	J	2831
16	R	2831
16	J	2832
15	R	2832
15	J	2833
14	R	2833
14	J	2834
13	R	2834
13	J	2835
12	R	2835
12	J	2836
11	R	2836
11	J	2837
10	R	2837
10	J	2838
9	R	2838
9	J	2839
16	R	2839
16	J	2840
15	R	2840
15	J	2841
14	R	2841
14	J	2842
13	R	2842
13	J	2843
12	R	2843
12	J	2844
11	R	2844
11	J	2845
10	R	2845
10	J	2846
9	R	2846
9	W	2846
16	R	2846
16	J	2847
15	R	2847
15	J	2848
14	R	2848
14	J	2849
13	R	2849
13	J	2850
12	R	2850
12	J	2851
11	R	2851
11	J	2852
10	R	2852
10	J	2853
16	R	2853
16	J	2854
15	R	2854
15	J	2855
14	R	2855
14	J	2856
13	R	2856
13	J	2857
12	R	2857
12	J	2858
11	R	2858
11	J	2859
10	R	2859
10	J	2860
16	R	2860
16	J	2861
15	R	2861
15	J	2862
14	R	2862
14	J	2863
13	R	2863
13	J	2864
12	R	2864
12	J	2865
11	R	2865
11	J	2866
10	R	2866
10	J	2867
16	R	2867
8	J	2868
16	J	2868
15	R	2868
15	J	2869
14	R	2869
14	J	2870
13	R	2870
13	J	2871
12	R	2871
12	J	2872
11	R	2872
11	J	2873
10	R	2873
10	J	2874
8	R	2874
8	W	2874
16	R	2874
16	J	2875
15	R	2875
15	J	2876
14	R	2876
14	J	2877
13	R	2877
13	J	2878
12	R	2878
12	J	2879
11	R	2879
11	J	2880
10	R	2880
10	J	2881
16	R	2881
16	J	2882
15	R	2882
15	J	2883
14	R	2883
14	J	2884
13	R	2884
13	J	2885
12	R	2885
12	J	2886
11	R	2886
11	J	2887
10	R	2887
10	J	2888
16	R	2888
16	J	2889
15	R	2889
15	J	2890
14	R	2890
14	J	2891
13	R	2891
13	J	2892
12	R	2892
12	J	2893
11	R	2893
11	J	2894
10	R	2894
10	J	2895
16	R	2895
16	J	2896
15	R	2896
15	J	2897
14	R	2897
14	J	2898
13	R	2898
13	J	2899
12	R	2899
12	J	2900
11	R	2900
11	J	2901
10	R	2901
10	J	2902
16	R	2902
16	J	2903
15	R	2903
15	J	2904
14	R	2904
14	J	2905
13	R	2905
13	J	2906
12	R	2906
12	J	2907
11	R	2907
11	J	2908
10	R	2908
10	J	2909
16	R	2909
16	J	2910
15	R	2910
15	J	2911
14	R	2911
14	J	2912
13	R	2912
13	J	2913
12	R	2913
12	J	2914
11	R	2914
11	J	2915
10	R	2915
10	J	2916
16	R	2916
16	J	2917
15	R	2917
15	J	2918
14	R	2918
14	J	2919
13	R	2919
13	J	2920
12	R	2920
12	J	2921
11	R	2921
11	J	2922
10	R	2922
10	J	2923
16	R	2923
16	J	2924
15	R	2924
15	J	2925
14	R	2925
14	J	2926
13	R	2926
13	J	2927
12	R	2927
12	J	2928
11	R	2928
11	J	2929
10	R	2929
10	J	2930
16	R	2930
16	J	2931
15	R	2931
15	J	2932
14	R	2932
14	J	2933
13	R	2933
13	J	2934
12	R	2934
12	J	2935
11	R	2935
11	J	2936
10	R	2936
10	J	2937
16	R	2937
16	J	2938
15	R	2938
15	J	2939
14	R	2939
14	J	2940
13	R	2940
13	J	2941
12	R	2941
12	J	2942
11	R	2942
11	J	2943
10	R	2943
10	J	2944
16	R	2944
16	J	2945
15	R	2945
15	J	2946
14	R	2946
9	J	2947
14	J	2947
13	R	2947
13	J	2948
12	R	2948
12	J	2949
11	R	2949
11	J	2950
10	R	2950
10	J	2951
9	R	2951
9	W	2951
16	R	2951
16	J	2952
15	R	2952
15	J	2953
14	R	2953
14	J	2954
13	R	2954
13	J	2955
12	R	2955
12	J	2956
11	R	2956
11	J	2957
10	R	2957
10	J	2958
16	R	2958
16	J	2959
15	R	2959
15	J	2960
14	R	2960
14	J	2961
13	R	2961
13	J	2962
12	R	2962
12	J	2963
11	R	2963
11	J	2964
10	R	2964
10	J	2965
16	R	2965
16	J	2966
15	R	2966
15	J	2967
14	R	2967
14	J	2968
13	R	2968
13	J	2969
12	R	2969
12	J	2970
11	R	2970
11	J	2971
10	R	2971
10	J	2972
16	R	2972
16	J	2973
15	R	2973
15	J	2974
14	R	2974
8	J	2975
14	J	2975
13	R	2975
13	J	2976
12	R	2976
12	J	2977
11	R	2977
11	J	2978
10	R	2978
10	J	2979
8	R	2979
8	E	2979
1	J	2979
1	R	2979
1	W	2979
16	R	2979
16	J	2980
15	R	2980
15	J	2981
14	R	2981
14	J	2982
13	R	2982
13	J	2983
12	R	2983
12	J	2984
11	R	2984
11	J	2985
10	R	2985
10	J	2986
16	R	2986
16	J	2987
15	R	2987
15	J	2988
14	R	2988
14	J	2989
13	R	2989
13	J	2990
12	R	2990
12	J	2991
11	R	2991
11	J	2992
10	R	2992
10	J	2993
16	R	2993
16	J	2994
15	R	2994
15	J	2995
14	R	2995
14	J	2996
13	R	2996
13	J	2997
12	R	2997
12	J	2998
11	R	2998
11	J	2999
10	R	2999
10	J	3000
16	R	3000
16	J	3001
15	R	3001
15	J	3002
14	R	3002
14	J	3003
13	R	3003
13	J	3004
12	R	3004
12	J	3005
11	R	3005
11	J	3006
10	R	3006
10	J	3007
16	R	3007
16	J	3008
15	R	3008
15	J	3009
14	R	3009
14	J	3010
13	R	3010
13	J	3011
12	R	3011
12	J	3012
11	R	3012
11	J	3013
10	R	3013
10	J	3014
16	R	3014
16	J	3015
15	R	3015
15	J	3016
14	R	3016
14	J	3017
13	R	3017
13	J	3018
12	R	3018
12	J	3019
11	R	3019
11	J	3020
10	R	3020
10	J	3021
16	R	3021
16	J	3022
15	R	3022
15	J	3023
14	R	3023
14	J	3024
13	R	3024
13	J	3025
12	R	3025
12	J	3026
11	R	3026
11	J	3027
10	R	3027
10	J	3028
16	R	3028
16	J	3029
15	R	3029
15	J	3030
14	R	3030
14	J	3031
13	R	3031
13	J	3032
12	R	3032
12	J	3033
11	R	3033
11	J	3034
10	R	3034
10	J	3035
16	R	3035
16	J	3036
15	R	3036
15	J	3037
14	R	3037
14	J	3038
13	R	3038
13	J	3039
12	R	3039
12	J	3040
11	R	3040
11	J	3041
10	R	3041
10	J	3042
16	R	3042
16	J	3043
15	R	3043
15	J	3044
14	R	3044
14	J	3045
13	R	3045
13	J	3046
12	R	3046
12	J	3047
11	R	3047
11	J	3048
10	R	3048
10	J	3049
16	R	3049
16	J	3050
15	R	3050
15	J	3051
14	R	3051
9	J	3052
14	J	3052
13	R	3052
13	J	3053
12	R	3053
12	J	3054
11	R	3054
11	J	3055
10	R	3055
10	J	3056
9	R	3056
9	W	3056
16	R	3056
16	J	3057
15	R	3057
15	J	3058
14	R	3058
14	J	3059
13	R	3059
13	J	3060
12	R	3060
12	J	3061
11	R	3061
11	J	3062
10	R	3062
10	J	3063
16	R	3063
16	J	3064
15	R	3064
15	J	3065
14	R	3065
14	J	3066
13	R	3066
3	J	3067
13	J	3067
12	R	3067
12	J	3068
11	R	3068
11	J	3069
10	R	3069
10	J	3070
3	R	3070
3	W	3070
16	R	3070
16	J	3071
15	R	3071
15	J	3072
14	R	3072
14	J	3073
13	R	3073
13	J	3074
12	R	3074
12	J	3075
11	R	3075
11	J	3076
10	R	3076
10	J	3077
16	R	3077
16	J	3078
15	R	3078
15	J	3079
14	R	3079
14	J	3080
13	R	3080
13	J	3081
12	R	3081
12	J	3082
11	R	3082
11	J	3083
10	R	3083
10	J	3084
16	R	3084
16	J	3085
15	R	3085
15	J	3086
14	R	3086
14	J	3087
13	R	3087
13	J	3088
12	R	3088
12	J	3089
11	R	3089
11	J	3090
10	R	3090
10	J	3091
16	R	3091
16	J	3092
15	R	3092
15	J	3093
14	R	3093
14	J	3094
13	R	3094
13	J	3095
12	R	3095
12	J	3096
11	R	3096
11	J	3097
10	R	3097
10	J	3098
16	R	3098
16	J	3099
15	R	3099
15	J	3100
14	R	3100
14	J	3101
13	R	3101
13	J	3102
12	R	3102
12	J	3103
11	R	3103
11	J	3104
10	R	3104
10	J	3105
16	R	3105
16	J	3106
15	R	3106
15	J	3107
14	R	3107
14	J	3108
13	R	3108
13	J	3109
12	R	3109
12	J	3110
11	R	3110
11	J	3111
10	R	3111
10	J	3112
16	R	3112
16	J	3113
15	R	3113
15	J	3114
14	R	3114
14	J	3115
13	R	3115
13	J	3116
12	R	3116
12	J	3117
11	R	3117
11	J	3118
10	R	3118
10	J	3119
16	R	3119
16	J	3120
15	R	3120
15	J	3121
14	R	3121
14	J	3122
13	R	3122
13	J	3123
12	R	3123
12	J	3124
11	R	3124
11	J	3125
10	R	3125
10	J	3126
16	R	3126
16	J	3127
15	R	3127
15	J	3128
14	R	3128
14	J	3129
13	R	3129
13	J	3130
12	R	3130
4	J	3130
12	J	3131
11	R	3131
11	J	3132
10	R	3132
10	J	3133
4	R	3133
4	W	3133
16	R	3133
16	J	3134
15	R	3134
15	J	3135
14	R	3135
14	J	3136
13	R	3136
13	J	3137
12	R	3137
12	J	3138
11	R	3138
11	J	3139
10	R	3139
10	J	3140
16	R	3140
16	J	3141
15	R	3141
15	J	3142
14	R	3142
14	J	3143
13	R	3143
13	J	3144
12	R	3144
12	J	3145
11	R	3145
11	J	3146
10	R	3146
10	J	3147
16	R	3147
16	J	3148
15	R	3148
15	J	3149
14	R	3149
14	J	3150
13	R	3150
13	J	3151
12	R	3151
12	J	3152
11	R	3152
11	J	3153
10	R	3153
10	J	3154
16	R	3154
16	J	3155
15	R	3155
15	J	3156
14	R	3156
9	J	3157
14	J	3157
13	R	3157
13	J	3158
12	R	3158
12	J	3159
11	R	3159
11	J	3160
10	R	3160
10	J	3161
9	R	3161
9	W	3161
16	R	3161
16	J	3162
15	R	3162
15	J	3163
14	R	3163
14	J	3164
13	R	3164
13	J	3165
12	R	3165
12	J	3166
11	R	3166
11	J	3167
10	R	3167
10	J	3168
16	R	3168
16	J	3169
15	R	3169
15	J	3170
14	R	3170
14	J	3171
13	R	3171
13	J	3172
12	R	3172
12	J	3173
11	R	3173
11	J	3174
10	R	3174
10	J	3175
16	R	3175
16	J	3176
15	R	3176
15	J	3177
14	R	3177
14	J	3178
13	R	3178
13	J	3179
12	R	3179
12	J	3180
11	R	3180
11	J	3181
10	R	3181
10	J	3182
16	R	3182
16	J	3183
15	R	3183
15	J	3184
14	R	3184
14	J	3185
13	R	3185
13	J	3186
12	R	3186
12	J	3187
11	R	3187
11	J	3188
10	R	3188
10	J	3189
16	R	3189
16	J	3190
15	R	3190
15	J	3191
14	R	3191
14	J	3192
13	R	3192
13	J	3193
12	R	3193
12	J	3194
11	R	3194
11	J	3195
10	R	3195
10	J	3196
16	R	3196
16	J	3197
15	R	3197
15	J	3198
14	R	3198
14	J	3199
13	R	3199
13	J	3200
12	R	3200
12	J	3201
11	R	3201
11	J	3202
10	R	3202
10	J	3203
16	R	3203
16	J	3204
15	R	3204
15	J	3205
14	R	3205
14	J	3206
13	R	3206
13	J	3207
12	R	3207
12	J	3208
11	R	3208
11	J	3209
10	R	3209
10	J	3210
16	R	3210
4	J	3210
16	J	3211
15	R	3211
15	J	3212
14	R	3212
14	J	3213
13	R	3213
13	J	3214
12	R	3214
12	J	3215
11	R	3215
11	J	3216
10	R	3216
10	J	3217
4	R	3217
4	W	3217
16	R	3217
16	J	3218
15	R	3218
15	J	3219
14	R	3219
14	J	3220
4	J	3220
12	R	3221
12	J	3222
11	R	3222
11	J	3223
10	R	3223
10	J	3224
4	R	3224
4	W	3224
16	R	3224
16	J	3225
15	R	3225
15	J	3226
14	R	3226
14	J	3227
13	R	3227
13	J	3228
12	R	3228
12	J	3229
11	R	3229
11	J	3230
10	R	3230
10	J	3231
16	R	3231
16	J	3232
15	R	3232
15	J	3233
14	R	3233
14	J	3234
13	R	3234
13	J	3235
12	R	3235
12	J	3236
11	R	3236
11	J	3237
10	R	3237
10	J	3238
16	R	3238
16	J	3239
15	R	3239
15	J	3240
14	R	3240
14	J	3241
13	R	3241
13	J	3242
12	R	3242
12	J	3243
11	R	3243
11	J	3244
10	R	3244
10	J	3245
16	R	3245
16	J	3246
15	R	3246
15	J	3247
14	R	3247
14	J	3248
13	R	3248
13	J	3249
12	R	3249
12	J	3250
11	R	3250
11	J	3251
10	R	3251
10	J	3252
16	R	3252
16	J	3253
15	R	3253
15	J	3254
14	R	3254
14	J	3255
13	R	3255
13	J	3256
12	R	3256
12	J	3257
11	R	3257
11	J	3258
10	R	3258
10	J	3259
16	R	3259
16	J	3260
15	R	3260
15	J	3261
14	R	3261
9	J	3262
14	J	3262
13	R	3262
13	J	3263
12	R	3263
12	J	3264
11	R	3264
11	J	3265
10	R	3265
10	J	3266
9	R	3266
9	W	3266
16	R	3266
16	J	3267
15	R	3267
15	J	3268
14	R	3268
14	J	3269
13	R	3269
13	J	3270
12	R	3270
4	J	3270
12	J	3271
11	R	3271
11	J	3272
10	R	3272
10	J	3273
4	R	3273
4	W	3273
16	R	3273
16	J	3274
15	R	3274
15	J	3275
14	R	3275
14	J	3276
13	R	3276
13	J	3277
12	R	3277
12	J	3278
11	R	3278
11	J	3279
10	R	3279
10	J	3280
16	R	3280
16	J	3281
15	R	3281
15	J	3282
14	R	3282
14	J	3283
13	R	3283
13	J	3284
12	R	3284
12	J	3285
11	R	3285
11	J	3286
10	R	3286
10	J	3287
16	R	3287
16	J	3288
15	R	3288
15	J	3289
14	R	3289
14	J	3290
13	R	3290
13	J	3291
12	R	3291
12	J	3292
11	R	3292
11	J	3293
10	R	3293
10	J	3294
16	R	3294
16	J	3295
15	R	3295
15	J	3296
14	R	3296
14	J	3297
13	R	3297
13	J	3298
12	R	3298
12	J	3299
11	R	3299
11	J	3300
10	R	3300
10	J	3301
16	R	3301
16	J	3302
15	R	3302
15	J	3303
14	R	3303
14	J	3304
13	R	3304
13	J	3305
12	R	3305
12	J	3306
11	R	3306
11	J	3307
10	R	3307
10	J	3308
16	R	3308
16	J	3309
15	R	3309
15	J	3310
14	R	3310
14	J	3311
13	R	3311
13	J	3312
12	R	3312
12	J	3313
11	R	3313
11	J	3314
10	R	3314
10	J	3315
16	R	3315
16	J	3316
15	R	3316
15	J	3317
14	R	3317
14	J	3318
13	R	3318
13	J	3319
12	R	3319
12	J	3320
11	R	3320
11	J	3321
10	R	3321
10	J	3322
16	R	3322
16	J	3323
15	R	3323
15	J	3324
14	R	3324
14	J	3325
13	R	3325
13	J	3326
12	R	3326
12	J	3327
11	R	3327
11	J	3328
10	R	3328
10	J	3329
16	R	3329
16	J	3330
15	R	3330
15	J	3331
14	R	3331
14	J	3332
13	R	3332
13	J	3333
12	R	3333
12	J	3334
11	R	3334
11	J	3335
10	R	3335
10	J	3336
16	R	3336
16	J	3337
15	R	3337
15	J	3338
14	R	3338
14	J	3339
13	R	3339
13	J	3340
12	R	3340
12	J	3341
11	R	3341
11	J	3342
10	R	3342
10	J	3343
16	R	3343
16	J	3344
15	R	3344
15	J	3345
14	R	3345
14	J	3346
13	R	3346
13	J	3347
12	R	3347
12	J	3348
11	R	3348
11	J	3349
10	R	3349
10	J	3350
16	R	3350
16	J	3351
15	R	3351
15	J	3352
14	R	3352
14	J	3353
13	R	3353
13	J	3354
12	R	3354
12	J	3355
11	R	3355
11	J	3356
10	R	3356
10	J	3357
16	R	3357
16	J	3358
15	R	3358
15	J	3359
14	R	3359
14	J	3360
13	R	3360
13	J	3361
12	R	3361
12	J	3362
11	R	3362
11	J	3363
10	R	3363
4	J	3363
10	J	3364
4	R	3364
4	W	3364
16	R	3364
16	J	3365
15	R	3365
15	J	3366
14	R	3366
9	J	3367
14	J	3367
13	R	3367
13	J	3368
12	R	3368
12	J	3369
11	R	3369
11	J	3370
10	R	3370
10	J	3371
9	R	3371
9	W	3371
16	R	3371
16	J	3372
15	R	3372
15	J	3373
14	R	3373
14	J	3374
13	R	3374
13	J	3375
12	R	3375
12	J	3376
11	R	3376
11	J	3377
10	R	3377
10	J	3378
16	R	3378
16	J	3379
15	R	3379
15	J	3380
14	R	3380
14	J	3381
13	R	3381
13	J	3382
12	R	3382
12	J	3383
11	R	3383
11	J	3384
10	R	3384
10	J	3385
16	R	3385
16	J	3386
15	R	3386
15	J	3387
14	R	3387
14	J	3388
13	R	3388
13	J	3389
12	R	3389
12	J	3390
11	R	3390
11	J	3391
10	R	3391
10	J	3392
16	R	3392
16	J	3393
15	R	3393
15	J	3394
14	R	3394
14	J	3395
13	R	3395
13	J	3396
12	R	3396
12	J	3397
11	R	3397
11	J	3398
10	R	3398
10	J	3399
16	R	3399
16	J	3400
15	R	3400
15	J	3401
14	R	3401
14	J	3402
13	R	3402
13	J	3403
12	R	3403
12	J	3404
11	R	3404
11	J	3405
10	R	3405
10	J	3406
16	R	3406
16	J	3407
15	R	3407
15	J	3408
14	R	3408
14	J	3409
13	R	3409
13	J	3410
12	R	3410
12	J	3411
11	R	3411
11	J	3412
10	R	3412
10	J	3413
16	R	3413
16	J	3414
15	R	3414
4	J	3414
15	J	3415
14	R	3415
14	J	3416
13	R	3416
13	J	3417
12	R	3417
12	J	3418
11	R	3418
11	J	3419
10	R	3419
10	J	3420
4	R	3420
4	W	3420
16	R	3420
16	J	3421
15	R	3421
15	J	3422
14	R	3422
14	J	3423
13	R	3423
13	J	3424
12	R	3424
12	J	3425
11	R	3425
11	J	3426
10	R	3426
10	J	3427
16	R	3427
16	J	3428
15	R	3428
15	J	3429
14	R	3429
14	J	3430
13	R	3430
13	J	3431
12	R	3431
12	J	3432
11	R	3432
11	J	3433
10	R	3433
10	J	3434
16	R	3434
16	J	3435
15	R	3435
15	J	3436
14	R	3436
14	J	3437
13	R	3437
13	J	3438
12	R	3438
12	J	3439
11	R	3439
11	J	3440
10	R	3440
10	J	3441
16	R	3441
16	J	3442
15	R	3442
15	J	3443
14	R	3443
14	J	3444
13	R	3444
13	J	3445
12	R	3445
12	J	3446
11	R	3446
11	J	3447
10	R	3447
10	J	3448
16	R	3448
16	J	3449
15	R	3449
15	J	3450
14	R	3450
14	J	3451
13	R	3451
13	J	3452
12	R	3452
12	J	3453
11	R	3453
11	J	3454
10	R	3454
10	J	3455
16	R	3455
16	J	3456
15	R	3456
15	J	3457
14	R	3457
14	J	3458
13	R	3458
13	J	3459
12	R	3459
12	J	3460
11	R	3460
11	J	3461
10	R	3461
10	J	3462
16	R	3462
16	J	3463
15	R	3463
15	J	3464
14	R	3464
14	J	3465
13	R	3465
13	J	3466
12	R	3466
12	J	3467
11	R	3467
11	J	3468
10	R	3468
10	J	3469
16	R	3469
16	J	3470
15	R	3470
15	J	3471
14	R	3471
9	J	3472
14	J	3472
13	R	3472
13	J	3473
12	R	3473
12	J	3474
11	R	3474
11	J	3475
10	R	3475
10	J	3476
9	R	3476
9	W	3476
16	R	3476
16	J	3477
15	R	3477
15	J	3478
14	R	3478
14	J	3479
13	R	3479
13	J	3480
12	R	3480
12	J	3481
11	R	3481
11	J	3482
10	R	3482
10	J	3483
16	R	3483
16	J	3484
15	R	3484
4	J	3484
15	J	3485
14	R	3485
14	J	3486
13	R	3486
13	J	3487
12	R	3487
12	J	3488
11	R	3488
11	J	3489
10	R	3489
10	J	3490
4	R	3490
4	W	3490
16	R	3490
16	J	3491
15	R	3491
15	J	3492
14	R	3492
14	J	3493
13	R	3493
13	J	3494
12	R	3494
12	J	3495
11	R	3495
11	J	3496
10	R	3496
10	J	3497
16	R	3497
16	J	3498
15	R	3498
15	J	3499
14	R	3499
14	J	3500
13	R	3500
13	J	3501
12	R	3501
12	J	3502
11	R	3502
11	J	3503
10	R	3503
10	J	3504
16	R	3504
16	J	3505
15	R	3505
15	J	3506
14	R	3506
14	J	3507
13	R	3507
13	J	3508
12	R	3508
12	J	3509
11	R	3509
11	J	3510
10	R	3510
10	J	3511
16	R	3511
16	J	3512
15	R	3512
15	J	3513
14	R	3513
14	J	3514
13	R	3514
13	J	3515
12	R	3515
12	J	3516
11	R	3516
11	J	3517
10	R	3517
10	J	3518
16	R	3518
16	J	3519
15	R	3519
15	J	3520
14	R	3520
14	J	3521
13	R	3521
13	J	3522
12	R	3522
12	J	3523
11	R	3523
11	J	3524
10	R	3524
10	J	3525
16	R	3525
16	J	3526
15	R	3526
15	J	3527
14	R	3527
14	J	3528
13	R	3528
13	J	3529
12	R	3529
12	J	3530
11	R	3530
11	J	3531
10	R	3531
10	J	3532
16	R	3532
16	J	3533
15	R	3533
15	J	3534
14	R	3534
14	J	3535
13	R	3535
13	J	3536
12	R	3536
12	J	3537
11	R	3537
11	J	3538
10	R	3538
10	J	3539
16	R	3539
16	J	3540
15	R	3540
15	J	3541
14	R	3541
14	J	3542
13	R	3542
13	J	3543
12	R	3543
12	J	3544
11	R	3544
11	J	3545
10	R	3545
10	J	3546
16	R	3546
16	J	3547
15	R	3547
15	J	3548
14	R	3548
14	J	3549
13	R	3549
13	J	3550
12	R	3550
12	J	3551
11	R	3551
11	J	3552
10	R	3552
10	W	3552
16	R	3552
16	J	3553
15	R	3553
15	J	3554
14	R	3554
14	J	3555
13	R	3555
13	J	3556
12	R	3556
12	J	3557
11	R	3557
11	J	3558
16	R	3558
16	J	3559
15	R	3559
15	J	3560
14	R	3560
14	J	3561
13	R	3561
4	J	3561
13	J	3562
12	R	3562
12	J	3563
11	R	3563
11	J	3564
4	R	3564
4	J	3565
16	R	3565
16	J	3566
15	R	3566
15	J	3567
14	R	3567
14	J	3568
13	R	3568
13	J	3569
12	R	3569
12	J	3570
11	R	3570
11	J	3571
4	R	3571
18	N	3571
18	J	3572
4	J	3572
18	R	3572
18	J	3573
16	R	3573
16	J	3574
15	R	3574
15	J	3575
14	R	3575
14	J	3576
13	R	3576
9	J	3577
13	J	3577
12	R	3577
12	J	3578
11	R	3578
11	J	3579
9	R	3579
9	W	3579
18	R	3579
